# JRE version: OpenJDK Runtime Environment (8.0_242-b08) (build 1.8.0_242-8u242-b08-0ubuntu3~18.04-b08)
# Java VM: OpenJDK 64-Bit Server VM (25.242-b08 mixed mode linux-amd64 compressed oops)
Heap:
 PSYoungGen      total 174592K, used 127458K [0x00000000d6d80000, 0x00000000e5800000, 0x0000000100000000)
  eden space 160256K, 70% used [0x00000000d6d80000,0x00000000ddbfb7e8,0x00000000e0a00000)
  from space 14336K, 99% used [0x00000000e0a00000,0x00000000e17fd0e0,0x00000000e1800000)
  to   space 18432K, 99% used [0x00000000e4600000,0x00000000e57ff510,0x00000000e5800000)
 ParOldGen       total 88064K, used 26372K [0x0000000084800000, 0x0000000089e00000, 0x00000000d6d80000)
  object space 88064K, 29% used [0x0000000084800000,0x00000000861c1158,0x0000000089e00000)
 Metaspace       used 56300K, capacity 59052K, committed 59160K, reserved 1099776K
  class space    used 7545K, capacity 8049K, committed 8104K, reserved 1048576K
GC Heap History (10 events):
Event: 1.006 GC heap after
Heap after GC invocations=7 (full 1):
 PSYoungGen      total 110080K, used 6751K [0x00000000d6d80000, 0x00000000de280000, 0x0000000100000000)
  eden space 102912K, 0% used [0x00000000d6d80000,0x00000000d6d80000,0x00000000dd200000)
  from space 7168K, 94% used [0x00000000ddb80000,0x00000000de217db8,0x00000000de280000)
  to   space 8192K, 0% used [0x00000000dd280000,0x00000000dd280000,0x00000000dda80000)
 ParOldGen       total 53248K, used 8832K [0x0000000084800000, 0x0000000087c00000, 0x00000000d6d80000)
  object space 53248K, 16% used [0x0000000084800000,0x00000000850a0108,0x0000000087c00000)
 Metaspace       used 24004K, capacity 24836K, committed 25136K, reserved 1071104K
  class space    used 3071K, capacity 3276K, committed 3376K, reserved 1048576K
}
Event: 1.522 GC heap before
{Heap before GC invocations=8 (full 1):
 PSYoungGen      total 110080K, used 109663K [0x00000000d6d80000, 0x00000000de280000, 0x0000000100000000)
  eden space 102912K, 100% used [0x00000000d6d80000,0x00000000dd200000,0x00000000dd200000)
  from space 7168K, 94% used [0x00000000ddb80000,0x00000000de217db8,0x00000000de280000)
  to   space 8192K, 0% used [0x00000000dd280000,0x00000000dd280000,0x00000000dda80000)
 ParOldGen       total 53248K, used 8832K [0x0000000084800000, 0x0000000087c00000, 0x00000000d6d80000)
  object space 53248K, 16% used [0x0000000084800000,0x00000000850a0108,0x0000000087c00000)
 Metaspace       used 29821K, capacity 30984K, committed 31152K, reserved 1077248K
  class space    used 3870K, capacity 4156K, committed 4272K, reserved 1048576K
Event: 1.534 GC heap after
Heap after GC invocations=8 (full 1):
 PSYoungGen      total 111616K, used 8160K [0x00000000d6d80000, 0x00000000e2380000, 0x0000000100000000)
  eden space 103424K, 0% used [0x00000000d6d80000,0x00000000d6d80000,0x00000000dd280000)
  from space 8192K, 99% used [0x00000000dd280000,0x00000000dda78020,0x00000000dda80000)
  to   space 11776K, 0% used [0x00000000e1800000,0x00000000e1800000,0x00000000e2380000)
 ParOldGen       total 53248K, used 14301K [0x0000000084800000, 0x0000000087c00000, 0x00000000d6d80000)
  object space 53248K, 26% used [0x0000000084800000,0x00000000855f77a8,0x0000000087c00000)
 Metaspace       used 29821K, capacity 30984K, committed 31152K, reserved 1077248K
  class space    used 3870K, capacity 4156K, committed 4272K, reserved 1048576K
}
Event: 1.916 GC heap before
{Heap before GC invocations=9 (full 1):
 PSYoungGen      total 111616K, used 103108K [0x00000000d6d80000, 0x00000000e2380000, 0x0000000100000000)
  eden space 103424K, 91% used [0x00000000d6d80000,0x00000000dca39150,0x00000000dd280000)
  from space 8192K, 99% used [0x00000000dd280000,0x00000000dda78020,0x00000000dda80000)
  to   space 11776K, 0% used [0x00000000e1800000,0x00000000e1800000,0x00000000e2380000)
 ParOldGen       total 53248K, used 14301K [0x0000000084800000, 0x0000000087c00000, 0x00000000d6d80000)
  object space 53248K, 26% used [0x0000000084800000,0x00000000855f77a8,0x0000000087c00000)
 Metaspace       used 33800K, capacity 35446K, committed 35496K, reserved 1079296K
  class space    used 4383K, capacity 4727K, committed 4776K, reserved 1048576K
Event: 1.927 GC heap after
Heap after GC invocations=9 (full 1):
 PSYoungGen      total 172032K, used 11774K [0x00000000d6d80000, 0x00000000e2680000, 0x0000000100000000)
  eden space 160256K, 0% used [0x00000000d6d80000,0x00000000d6d80000,0x00000000e0a00000)
  from space 11776K, 99% used [0x00000000e1800000,0x00000000e237fa58,0x00000000e2380000)
  to   space 14336K, 0% used [0x00000000e0a00000,0x00000000e0a00000,0x00000000e1800000)
 ParOldGen       total 53248K, used 16894K [0x0000000084800000, 0x0000000087c00000, 0x00000000d6d80000)
  object space 53248K, 31% used [0x0000000084800000,0x000000008587fb28,0x0000000087c00000)
 Metaspace       used 33800K, capacity 35446K, committed 35496K, reserved 1079296K
  class space    used 4383K, capacity 4727K, committed 4776K, reserved 1048576K
}
Event: 1.927 GC heap before
{Heap before GC invocations=10 (full 2):
 PSYoungGen      total 172032K, used 11774K [0x00000000d6d80000, 0x00000000e2680000, 0x0000000100000000)
  eden space 160256K, 0% used [0x00000000d6d80000,0x00000000d6d80000,0x00000000e0a00000)
  from space 11776K, 99% used [0x00000000e1800000,0x00000000e237fa58,0x00000000e2380000)
  to   space 14336K, 0% used [0x00000000e0a00000,0x00000000e0a00000,0x00000000e1800000)
 ParOldGen       total 53248K, used 16894K [0x0000000084800000, 0x0000000087c00000, 0x00000000d6d80000)
  object space 53248K, 31% used [0x0000000084800000,0x000000008587fb28,0x0000000087c00000)
 Metaspace       used 33800K, capacity 35446K, committed 35496K, reserved 1079296K
  class space    used 4383K, capacity 4727K, committed 4776K, reserved 1048576K
Event: 1.996 GC heap after
Heap after GC invocations=10 (full 2):
 PSYoungGen      total 172032K, used 0K [0x00000000d6d80000, 0x00000000e2680000, 0x0000000100000000)
  eden space 160256K, 0% used [0x00000000d6d80000,0x00000000d6d80000,0x00000000e0a00000)
  from space 11776K, 0% used [0x00000000e1800000,0x00000000e1800000,0x00000000e2380000)
  to   space 14336K, 0% used [0x00000000e0a00000,0x00000000e0a00000,0x00000000e1800000)
 ParOldGen       total 88064K, used 19310K [0x0000000084800000, 0x0000000089e00000, 0x00000000d6d80000)
  object space 88064K, 21% used [0x0000000084800000,0x0000000085adb808,0x0000000089e00000)
 Metaspace       used 33800K, capacity 35446K, committed 35496K, reserved 1079296K
  class space    used 4383K, capacity 4727K, committed 4776K, reserved 1048576K
}
Event: 2.814 GC heap before
{Heap before GC invocations=11 (full 2):
 PSYoungGen      total 172032K, used 160256K [0x00000000d6d80000, 0x00000000e2680000, 0x0000000100000000)
  eden space 160256K, 100% used [0x00000000d6d80000,0x00000000e0a00000,0x00000000e0a00000)
  from space 11776K, 0% used [0x00000000e1800000,0x00000000e1800000,0x00000000e2380000)
  to   space 14336K, 0% used [0x00000000e0a00000,0x00000000e0a00000,0x00000000e1800000)
 ParOldGen       total 88064K, used 19310K [0x0000000084800000, 0x0000000089e00000, 0x00000000d6d80000)
  object space 88064K, 21% used [0x0000000084800000,0x0000000085adb808,0x0000000089e00000)
 Metaspace       used 49093K, capacity 51086K, committed 51240K, reserved 1093632K
  class space    used 6540K, capacity 6919K, committed 6952K, reserved 1048576K
Event: 2.827 GC heap after
Heap after GC invocations=11 (full 2):
 PSYoungGen      total 174592K, used 14324K [0x00000000d6d80000, 0x00000000e5800000, 0x0000000100000000)
  eden space 160256K, 0% used [0x00000000d6d80000,0x00000000d6d80000,0x00000000e0a00000)
  from space 14336K, 99% used [0x00000000e0a00000,0x00000000e17fd0e0,0x00000000e1800000)
  to   space 18432K, 0% used [0x00000000e4600000,0x00000000e4600000,0x00000000e5800000)
 ParOldGen       total 88064K, used 25151K [0x0000000084800000, 0x0000000089e00000, 0x00000000d6d80000)
  object space 88064K, 28% used [0x0000000084800000,0x000000008608fed0,0x0000000089e00000)
 Metaspace       used 49093K, capacity 51086K, committed 51240K, reserved 1093632K
  class space    used 6540K, capacity 6919K, committed 6952K, reserved 1048576K
}
Event: 3.815 GC heap before
{Heap before GC invocations=12 (full 2):
 PSYoungGen      total 174592K, used 127458K [0x00000000d6d80000, 0x00000000e5800000, 0x0000000100000000)
  eden space 160256K, 70% used [0x00000000d6d80000,0x00000000ddbfb7e8,0x00000000e0a00000)
  from space 14336K, 99% used [0x00000000e0a00000,0x00000000e17fd0e0,0x00000000e1800000)
  to   space 18432K, 0% used [0x00000000e4600000,0x00000000e4600000,0x00000000e5800000)
 ParOldGen       total 88064K, used 25151K [0x0000000084800000, 0x0000000089e00000, 0x00000000d6d80000)
  object space 88064K, 28% used [0x0000000084800000,0x000000008608fed0,0x0000000089e00000)
 Metaspace       used 56300K, capacity 59052K, committed 59160K, reserved 1099776K
  class space    used 7545K, capacity 8049K, committed 8104K, reserved 1048576K

