# JRE version: OpenJDK Runtime Environment (8.0_242-b08) (build 1.8.0_242-8u242-b08-0ubuntu3~18.04-b08)
# Java VM: OpenJDK 64-Bit Server VM (25.242-b08 mixed mode linux-amd64 compressed oops)
Heap:
 PSYoungGen      total 238080K, used 18939K [0x00000000d6d80000, 0x00000000e9000000, 0x0000000100000000)
  eden space 219136K, 0% used [0x00000000d6d80000,0x00000000d6d80000,0x00000000e4380000)
  from space 18944K, 99% used [0x00000000e4380000,0x00000000e55fee60,0x00000000e5600000)
  to   space 23040K, 0% used [0x00000000e7980000,0x00000000e7980000,0x00000000e9000000)
 ParOldGen       total 96256K, used 22714K [0x0000000084800000, 0x000000008a600000, 0x00000000d6d80000)
  object space 96256K, 23% used [0x0000000084800000,0x0000000085e2eb48,0x000000008a600000)
 Metaspace       used 56407K, capacity 59122K, committed 59160K, reserved 1099776K
  class space    used 7560K, capacity 8060K, committed 8064K, reserved 1048576K
GC Heap History (10 events):
Event: 1.837 GC heap after
Heap after GC invocations=7 (full 1):
 PSYoungGen      total 153600K, used 11758K [0x00000000d6d80000, 0x00000000e4480000, 0x0000000100000000)
  eden space 141824K, 0% used [0x00000000d6d80000,0x00000000d6d80000,0x00000000df800000)
  from space 11776K, 99% used [0x00000000e0780000,0x00000000e12fbba0,0x00000000e1300000)
  to   space 15872K, 0% used [0x00000000df800000,0x00000000df800000,0x00000000e0780000)
 ParOldGen       total 62464K, used 19823K [0x0000000084800000, 0x0000000088500000, 0x00000000d6d80000)
  object space 62464K, 31% used [0x0000000084800000,0x0000000085b5bd18,0x0000000088500000)
 Metaspace       used 32810K, capacity 34448K, committed 34560K, reserved 1079296K
  class space    used 4246K, capacity 4574K, committed 4608K, reserved 1048576K
}
Event: 1.979 GC heap before
{Heap before GC invocations=8 (full 1):
 PSYoungGen      total 153600K, used 50958K [0x00000000d6d80000, 0x00000000e4480000, 0x0000000100000000)
  eden space 141824K, 27% used [0x00000000d6d80000,0x00000000d93c7e50,0x00000000df800000)
  from space 11776K, 99% used [0x00000000e0780000,0x00000000e12fbba0,0x00000000e1300000)
  to   space 15872K, 0% used [0x00000000df800000,0x00000000df800000,0x00000000e0780000)
 ParOldGen       total 62464K, used 19823K [0x0000000084800000, 0x0000000088500000, 0x00000000d6d80000)
  object space 62464K, 31% used [0x0000000084800000,0x0000000085b5bd18,0x0000000088500000)
 Metaspace       used 33829K, capacity 35456K, committed 35496K, reserved 1081344K
  class space    used 4386K, capacity 4728K, committed 4736K, reserved 1048576K
Event: 1.991 GC heap after
Heap after GC invocations=8 (full 1):
 PSYoungGen      total 157696K, used 12028K [0x00000000d6d80000, 0x00000000e6880000, 0x0000000100000000)
  eden space 141824K, 0% used [0x00000000d6d80000,0x00000000d6d80000,0x00000000df800000)
  from space 15872K, 75% used [0x00000000df800000,0x00000000e03bf358,0x00000000e0780000)
  to   space 16384K, 0% used [0x00000000e5880000,0x00000000e5880000,0x00000000e6880000)
 ParOldGen       total 62464K, used 19831K [0x0000000084800000, 0x0000000088500000, 0x00000000d6d80000)
  object space 62464K, 31% used [0x0000000084800000,0x0000000085b5dd18,0x0000000088500000)
 Metaspace       used 33829K, capacity 35456K, committed 35496K, reserved 1081344K
  class space    used 4386K, capacity 4728K, committed 4736K, reserved 1048576K
}
Event: 1.991 GC heap before
{Heap before GC invocations=9 (full 2):
 PSYoungGen      total 157696K, used 12028K [0x00000000d6d80000, 0x00000000e6880000, 0x0000000100000000)
  eden space 141824K, 0% used [0x00000000d6d80000,0x00000000d6d80000,0x00000000df800000)
  from space 15872K, 75% used [0x00000000df800000,0x00000000e03bf358,0x00000000e0780000)
  to   space 16384K, 0% used [0x00000000e5880000,0x00000000e5880000,0x00000000e6880000)
 ParOldGen       total 62464K, used 19831K [0x0000000084800000, 0x0000000088500000, 0x00000000d6d80000)
  object space 62464K, 31% used [0x0000000084800000,0x0000000085b5dd18,0x0000000088500000)
 Metaspace       used 33829K, capacity 35456K, committed 35496K, reserved 1081344K
  class space    used 4386K, capacity 4728K, committed 4736K, reserved 1048576K
Event: 2.070 GC heap after
Heap after GC invocations=9 (full 2):
 PSYoungGen      total 157696K, used 0K [0x00000000d6d80000, 0x00000000e6880000, 0x0000000100000000)
  eden space 141824K, 0% used [0x00000000d6d80000,0x00000000d6d80000,0x00000000df800000)
  from space 15872K, 0% used [0x00000000df800000,0x00000000df800000,0x00000000e0780000)
  to   space 16384K, 0% used [0x00000000e5880000,0x00000000e5880000,0x00000000e6880000)
 ParOldGen       total 96256K, used 18424K [0x0000000084800000, 0x000000008a600000, 0x00000000d6d80000)
  object space 96256K, 19% used [0x0000000084800000,0x00000000859fe320,0x000000008a600000)
 Metaspace       used 33829K, capacity 35456K, committed 35496K, reserved 1081344K
  class space    used 4386K, capacity 4728K, committed 4736K, reserved 1048576K
}
Event: 2.775 GC heap before
{Heap before GC invocations=10 (full 2):
 PSYoungGen      total 157696K, used 141824K [0x00000000d6d80000, 0x00000000e6880000, 0x0000000100000000)
  eden space 141824K, 100% used [0x00000000d6d80000,0x00000000df800000,0x00000000df800000)
  from space 15872K, 0% used [0x00000000df800000,0x00000000df800000,0x00000000e0780000)
  to   space 16384K, 0% used [0x00000000e5880000,0x00000000e5880000,0x00000000e6880000)
 ParOldGen       total 96256K, used 18424K [0x0000000084800000, 0x000000008a600000, 0x00000000d6d80000)
  object space 96256K, 19% used [0x0000000084800000,0x00000000859fe320,0x000000008a600000)
 Metaspace       used 45315K, capacity 47322K, committed 47616K, reserved 1091584K
  class space    used 5935K, capacity 6327K, committed 6400K, reserved 1048576K
Event: 2.786 GC heap after
Heap after GC invocations=10 (full 2):
 PSYoungGen      total 219648K, used 16222K [0x00000000d6d80000, 0x00000000e6880000, 0x0000000100000000)
  eden space 203264K, 0% used [0x00000000d6d80000,0x00000000d6d80000,0x00000000e3400000)
  from space 16384K, 99% used [0x00000000e5880000,0x00000000e6857900,0x00000000e6880000)
  to   space 18944K, 0% used [0x00000000e4380000,0x00000000e4380000,0x00000000e5600000)
 ParOldGen       total 96256K, used 18432K [0x0000000084800000, 0x000000008a600000, 0x00000000d6d80000)
  object space 96256K, 19% used [0x0000000084800000,0x0000000085a00320,0x000000008a600000)
 Metaspace       used 45315K, capacity 47322K, committed 47616K, reserved 1091584K
  class space    used 5935K, capacity 6327K, committed 6400K, reserved 1048576K
}
Event: 3.924 GC heap before
{Heap before GC invocations=11 (full 2):
 PSYoungGen      total 219648K, used 182533K [0x00000000d6d80000, 0x00000000e6880000, 0x0000000100000000)
  eden space 203264K, 81% used [0x00000000d6d80000,0x00000000e0fe9d40,0x00000000e3400000)
  from space 16384K, 99% used [0x00000000e5880000,0x00000000e6857900,0x00000000e6880000)
  to   space 18944K, 0% used [0x00000000e4380000,0x00000000e4380000,0x00000000e5600000)
 ParOldGen       total 96256K, used 18432K [0x0000000084800000, 0x000000008a600000, 0x00000000d6d80000)
  object space 96256K, 19% used [0x0000000084800000,0x0000000085a00320,0x000000008a600000)
 Metaspace       used 56407K, capacity 59122K, committed 59160K, reserved 1099776K
  class space    used 7560K, capacity 8060K, committed 8064K, reserved 1048576K
Event: 3.939 GC heap after
Heap after GC invocations=11 (full 2):
 PSYoungGen      total 238080K, used 18939K [0x00000000d6d80000, 0x00000000e9000000, 0x0000000100000000)
  eden space 219136K, 0% used [0x00000000d6d80000,0x00000000d6d80000,0x00000000e4380000)
  from space 18944K, 99% used [0x00000000e4380000,0x00000000e55fee60,0x00000000e5600000)
  to   space 23040K, 0% used [0x00000000e7980000,0x00000000e7980000,0x00000000e9000000)
 ParOldGen       total 96256K, used 22714K [0x0000000084800000, 0x000000008a600000, 0x00000000d6d80000)
  object space 96256K, 23% used [0x0000000084800000,0x0000000085e2eb48,0x000000008a600000)
 Metaspace       used 56407K, capacity 59122K, committed 59160K, reserved 1099776K
  class space    used 7560K, capacity 8060K, committed 8064K, reserved 1048576K
}
Event: 3.939 GC heap before
{Heap before GC invocations=12 (full 3):
 PSYoungGen      total 238080K, used 18939K [0x00000000d6d80000, 0x00000000e9000000, 0x0000000100000000)
  eden space 219136K, 0% used [0x00000000d6d80000,0x00000000d6d80000,0x00000000e4380000)
  from space 18944K, 99% used [0x00000000e4380000,0x00000000e55fee60,0x00000000e5600000)
  to   space 23040K, 0% used [0x00000000e7980000,0x00000000e7980000,0x00000000e9000000)
 ParOldGen       total 96256K, used 22714K [0x0000000084800000, 0x000000008a600000, 0x00000000d6d80000)
  object space 96256K, 23% used [0x0000000084800000,0x0000000085e2eb48,0x000000008a600000)
 Metaspace       used 56407K, capacity 59122K, committed 59160K, reserved 1099776K
  class space    used 7560K, capacity 8060K, committed 8064K, reserved 1048576K

